<?xml version="1.0" encoding="UTF-8"?>
<testng-results ignored="0" total="2" passed="1" failed="1" skipped="0">
  <reporter-output>
  </reporter-output>
  <suite started-at="2025-01-17T12:02:55 GMT-08:00" name="Suite" finished-at="2025-01-17T12:03:42 GMT-08:00" duration-ms="47056">
    <groups>
      <group name="cucumber">
        <method signature="AbstractTestNGCucumberTests.runScenario(io.cucumber.testng.PickleWrapper,io.cucumber.testng.FeatureWrapper)[pri:0, instance:runner.Runner@757277dc]" name="runScenario" class="io.cucumber.testng.AbstractTestNGCucumberTests"/>
      </group> <!-- cucumber -->
    </groups>
    <test started-at="2025-01-17T12:02:55 GMT-08:00" name="Test" finished-at="2025-01-17T12:03:42 GMT-08:00" duration-ms="47056">
      <class name="runner.Runner">
        <test-method is-config="true" signature="setUpClass(org.testng.ITestContext)[pri:0, instance:runner.Runner@757277dc]" started-at="2025-01-17T12:02:55 GMT-08:00" name="setUpClass" finished-at="2025-01-17T12:02:56 GMT-08:00" duration-ms="881" status="PASS">
          <params>
            <param index="0">
              <value>
                <![CDATA[org.testng.TestRunner@14b7786]]>
              </value>
            </param>
          </params>
          <reporter-output>
          </reporter-output>
        </test-method> <!-- setUpClass -->
        <test-method signature="runScenario(io.cucumber.testng.PickleWrapper,io.cucumber.testng.FeatureWrapper)[pri:0, instance:runner.Runner@757277dc]" started-at="2025-01-17T12:02:56 GMT-08:00" name="runScenario" description="Runs Cucumber Scenarios" data-provider="scenarios" finished-at="2025-01-17T12:03:22 GMT-08:00" duration-ms="26292" status="FAIL">
          <params>
            <param index="0">
              <value>
                <![CDATA["Login to the application using given credentials"]]>
              </value>
            </param>
            <param index="1">
              <value>
                <![CDATA["Application Login"]]>
              </value>
            </param>
          </params>
          <exception class="java.lang.AssertionError">
            <message>
              <![CDATA[expected [success] but found [failure]]]>
            </message>
            <full-stacktrace>
              <![CDATA[java.lang.AssertionError: expected [success] but found [failure]
at org.testng.Assert.fail(Assert.java:111)
at org.testng.Assert.failNotEquals(Assert.java:1578)
at org.testng.Assert.assertEqualsImpl(Assert.java:150)
at org.testng.Assert.assertEquals(Assert.java:132)
at org.testng.Assert.assertEquals(Assert.java:656)
at org.testng.Assert.assertEquals(Assert.java:666)
at stepdefinitions.LoginTest.User_should_be_able_to_login_based_on_expected_login_status(LoginTest.java:114)
at âœ½.User should be able to login based on "success" login status(file:///C:/Users/Admin/eclipse-workspace/CucumberBDDFramework/src/test/java/features/login.feature:9)
]]>
            </full-stacktrace>
          </exception> <!-- java.lang.AssertionError -->
          <reporter-output>
          </reporter-output>
        </test-method> <!-- runScenario -->
        <test-method signature="runScenario(io.cucumber.testng.PickleWrapper,io.cucumber.testng.FeatureWrapper)[pri:0, instance:runner.Runner@757277dc]" started-at="2025-01-17T12:03:22 GMT-08:00" name="runScenario" description="Runs Cucumber Scenarios" data-provider="scenarios" finished-at="2025-01-17T12:03:42 GMT-08:00" duration-ms="19705" status="PASS">
          <params>
            <param index="0">
              <value>
                <![CDATA["Login to the application using given credentials"]]>
              </value>
            </param>
            <param index="1">
              <value>
                <![CDATA["Application Login"]]>
              </value>
            </param>
          </params>
          <reporter-output>
          </reporter-output>
        </test-method> <!-- runScenario -->
        <test-method is-config="true" signature="tearDownClass()[pri:0, instance:runner.Runner@757277dc]" started-at="2025-01-17T12:03:42 GMT-08:00" name="tearDownClass" finished-at="2025-01-17T12:03:42 GMT-08:00" duration-ms="9" status="PASS">
          <reporter-output>
          </reporter-output>
        </test-method> <!-- tearDownClass -->
      </class> <!-- runner.Runner -->
    </test> <!-- Test -->
  </suite> <!-- Suite -->
</testng-results>
